<?xml version="1.0" encoding="UTF-8"?>
<!-- Generated by org.testng.reporters.JUnitReportReporter -->
<testsuite hostname="ab-tp" name="test.rps.RPSChoiceTest" tests="3" failures="0" timestamp="23 Sep 2013 20:59:30 GMT" time="0.016" errors="0">
  <testcase name="rockLosesAgainstPaper" time="0.001" classname="test.rps.RPSChoiceTest"/>
  <testcase name="paperLosesAgainstScissors" time="0.014" classname="test.rps.RPSChoiceTest"/>
  <testcase name="scissorsLosesAgainstRock" time="0.001" classname="test.rps.RPSChoiceTest"/>
</testsuite> <!-- test.rps.RPSChoiceTest -->
