<?xml version="1.0" encoding="UTF-8"?>
<!-- Generated by org.testng.reporters.JUnitReportReporter -->
<testsuite hostname="ab-tp" name="test.rps.RPSHistoryTest" tests="4" failures="0" timestamp="23 Sep 2013 21:29:16 GMT" time="0.015" errors="0">
  <testcase name="secondRoundDifferentSize" time="0.000" classname="test.rps.RPSHistoryTest"/>
  <testcase name="secondEmptyRound" time="0.001" classname="test.rps.RPSHistoryTest"/>
  <testcase name="secondRoundDifferentSizeAdding" time="0.000" classname="test.rps.RPSHistoryTest"/>
  <testcase name="firstEmptyRound" time="0.014" classname="test.rps.RPSHistoryTest"/>
</testsuite> <!-- test.rps.RPSHistoryTest -->
