<?xml version="1.0" encoding="UTF-8"?>
<!-- Generated by org.testng.reporters.JUnitReportReporter -->
<testsuite hostname="ab-tp" name="test.rps.RPSRoundTest" tests="8" failures="0" timestamp="23 Sep 2013 21:23:47 GMT" time="9.089" errors="0">
  <testcase name="incompleteRoundNothingSet" time="0.001" classname="test.rps.RPSRoundTest"/>
  <testcase name="setRoundWithFirstValueOnly" time="0.000" classname="test.rps.RPSRoundTest"/>
  <testcase name="completeRound" time="9.083" classname="test.rps.RPSRoundTest"/>
  <testcase name="incompleteRoundSecondSet" time="0.001" classname="test.rps.RPSRoundTest"/>
  <testcase name="setRoundWithAllValues" time="0.000" classname="test.rps.RPSRoundTest"/>
  <testcase name="incompleteRoundFirstSet" time="0.002" classname="test.rps.RPSRoundTest"/>
  <testcase name="setRoundWithWrongSize" time="0.001" classname="test.rps.RPSRoundTest"/>
  <testcase name="setRoundWithSecondValueOnly" time="0.001" classname="test.rps.RPSRoundTest"/>
</testsuite> <!-- test.rps.RPSRoundTest -->
